[34m[INFO](B[m Nvidia GPU detected. Setting up proper env's and configs
[34m[INFO](B[m NixOS Distro Detected. Setting up proper env's and configs.
[34m[INFO](B[m Bibata-Hyprcursor directory detected. Activating Hyprcursor....
[33m[NOTE](B[m kb_layout [35mno(B[m configured in settings.
[32m[OK](B[m Default editor set to [35mnvim(B[m.
[32m[OK](B[m You have chosen ≥ 1440p resolution.
[33m[NOTE](B[m You chose not to change to 12H format.
[33m[NOTE](B[m No changes made. Rainbow borders remain enabled.
[33m[NOTE](B[m - Backed up ags to /home/mathipe/.config/ags-backup-back-up_0321_0755.
[32m[OK](B[m - Replaced ags with new configuration.
[33m[NOTE](B[m - Backed up fastfetch to /home/mathipe/.config/fastfetch-backup-back-up_0321_0755.
[32m[OK](B[m - Replaced fastfetch with new configuration.
[33m[NOTE](B[m - Backed up kitty to /home/mathipe/.config/kitty-backup-back-up_0321_0755.
[32m[OK](B[m - Replaced kitty with new configuration.
[33m[NOTE](B[m - Backed up rofi to /home/mathipe/.config/rofi-backup-back-up_0321_0755.
[32m[OK](B[m - Replaced rofi with new configuration.
[33m[NOTE](B[m - Backed up swaync to /home/mathipe/.config/swaync-backup-back-up_0321_0755.
[32m[OK](B[m - Replaced swaync with new configuration.
[33m[NOTE](B[m - Backed up waybar to /home/mathipe/.config/waybar-backup-back-up_0321_0755.
File /home/mathipe/.config/waybar/configs/[BOT] Camellia already exists. Skipping.
File /home/mathipe/.config/waybar/configs/[BOT] Chrysanthemum already exists. Skipping.
File /home/mathipe/.config/waybar/configs/[BOT] Default already exists. Skipping.
File /home/mathipe/.config/waybar/configs/[BOT] Gardenia already exists. Skipping.
File /home/mathipe/.config/waybar/configs/[BOT & Left] SouthWest already exists. Skipping.
File /home/mathipe/.config/waybar/configs/[BOT] Peony already exists. Skipping.
File /home/mathipe/.config/waybar/configs/[BOT & Right] SouthEast already exists. Skipping.
File /home/mathipe/.config/waybar/configs/[BOT] Simple already exists. Skipping.
File /home/mathipe/.config/waybar/configs/[BOT] Sleek already exists. Skipping.
Copying /home/mathipe/.config/waybar-backup-back-up_0321_0755/configs/[Left] WestWing to /home/mathipe/.config/waybar/configs/
Copying /home/mathipe/.config/waybar-backup-back-up_0321_0755/configs/[Right] EastWing to /home/mathipe/.config/waybar/configs/
File /home/mathipe/.config/waybar/configs/[TOP & BOT] SummitSplit already exists. Skipping.
File /home/mathipe/.config/waybar/configs/[TOP] Camellia already exists. Skipping.
File /home/mathipe/.config/waybar/configs/[TOP] Chrysanthemum already exists. Skipping.
File /home/mathipe/.config/waybar/configs/[TOP] Default already exists. Skipping.
Copying /home/mathipe/.config/waybar-backup-back-up_0321_0755/configs/[TOP] Default_v2 to /home/mathipe/.config/waybar/configs/
Copying /home/mathipe/.config/waybar-backup-back-up_0321_0755/configs/[TOP] Default_v3 to /home/mathipe/.config/waybar/configs/
Copying /home/mathipe/.config/waybar-backup-back-up_0321_0755/configs/[TOP] Default_v4 to /home/mathipe/.config/waybar/configs/
File /home/mathipe/.config/waybar/configs/[TOP] Everforest already exists. Skipping.
File /home/mathipe/.config/waybar/configs/[TOP] Gardenia already exists. Skipping.
File /home/mathipe/.config/waybar/configs/[TOP & Left] NorthWest already exists. Skipping.
File /home/mathipe/.config/waybar/configs/[TOP] Minimal - Long already exists. Skipping.
File /home/mathipe/.config/waybar/configs/[TOP] Minimal - Short already exists. Skipping.
File /home/mathipe/.config/waybar/configs/[TOP] Peony already exists. Skipping.
File /home/mathipe/.config/waybar/configs/[TOP & Right] NorthEast already exists. Skipping.
File /home/mathipe/.config/waybar/configs/[TOP] Simple already exists. Skipping.
File /home/mathipe/.config/waybar/configs/[TOP] Sleek already exists. Skipping.
File /home/mathipe/.config/waybar/style/[Black & White] Monochrome.css already exists. Skipping.
File /home/mathipe/.config/waybar/style/[Catppuccin] Latte.css already exists. Skipping.
File /home/mathipe/.config/waybar/style/[Catppuccin] Mocha.css already exists. Skipping.
Directory /home/mathipe/.config/waybar/style/catppuccin-themes already exists. Skipping.
File /home/mathipe/.config/waybar/style/[Colored] Chroma Glow.css already exists. Skipping.
File /home/mathipe/.config/waybar/style/[Colored] Translucent.css already exists. Skipping.
File /home/mathipe/.config/waybar/style/[Colorful] Aurora Blossom.css already exists. Skipping.
File /home/mathipe/.config/waybar/style/[Colorful] Aurora.css already exists. Skipping.
File /home/mathipe/.config/waybar/style/[Colorful] Oglo Chicklets.css already exists. Skipping.
File /home/mathipe/.config/waybar/style/[Colorful] Rainbow Spectrum.css already exists. Skipping.
File /home/mathipe/.config/waybar/style/[Dark] Golden Noir.css already exists. Skipping.
File /home/mathipe/.config/waybar/style/[Dark] Half-Moon.css already exists. Skipping.
File /home/mathipe/.config/waybar/style/[Dark] Latte-Wallust combined.css already exists. Skipping.
File /home/mathipe/.config/waybar/style/[Dark] Purpl.css already exists. Skipping.
File /home/mathipe/.config/waybar/style/[Dark] Wallust Obsidian Edge.css already exists. Skipping.
File /home/mathipe/.config/waybar/style/[Extra] Crimson.css already exists. Skipping.
File /home/mathipe/.config/waybar/style/[Extra] EverForest.css already exists. Skipping.
File /home/mathipe/.config/waybar/style/[Extra] Mauve.css already exists. Skipping.
File /home/mathipe/.config/waybar/style/[Extra] Rose Pine.css already exists. Skipping.
File /home/mathipe/.config/waybar/style/[Extra] Simple Pink.css already exists. Skipping.
File /home/mathipe/.config/waybar/style/[Light] Monochrome Contrast.css already exists. Skipping.
File /home/mathipe/.config/waybar/style/[Light] Obsidian Glow.css already exists. Skipping.
File /home/mathipe/.config/waybar/style/[Rainbow] RGB Bordered.css already exists. Skipping.
File /home/mathipe/.config/waybar/style/[Retro] Simple Style.css already exists. Skipping.
File /home/mathipe/.config/waybar/style/[Transparent] Crystal Clear.css already exists. Skipping.
File /home/mathipe/.config/waybar/style/[Wallust Bordered] Chroma Fusion Edge.css already exists. Skipping.
File /home/mathipe/.config/waybar/style/[Wallust Bordered] Chroma Simple.css already exists. Skipping.
File /home/mathipe/.config/waybar/style/[Wallust] Box type.css already exists. Skipping.
File /home/mathipe/.config/waybar/style/[Wallust] Chroma Edge.css already exists. Skipping.
File /home/mathipe/.config/waybar/style/[Wallust] Chroma Fusion.css already exists. Skipping.
File /home/mathipe/.config/waybar/style/[Wallust] Chroma Tally.css already exists. Skipping.
File /home/mathipe/.config/waybar/style/[Wallust] Colored.css already exists. Skipping.
File /home/mathipe/.config/waybar/style/[Wallust] Simple.css already exists. Skipping.
File /home/mathipe/.config/waybar/style/[Wallust Transparent] Crystal Clear.css already exists. Skipping.
[32m[OK](B[m - Restored directory: [35mwallpaper_effects(B[m
[33m[NOTE](B[m - Skipped restoring ENVariables.conf.
[33m[NOTE](B[m - Skipped restoring LaptopDisplay.conf.
[33m[NOTE](B[m - Skipped restoring Laptops.conf.
[33m[NOTE](B[m - Skipped restoring Startup_Apps.conf.
[33m[NOTE](B[m - Skipped restoring UserKeybinds.conf.
[33m[NOTE](B[m - Skipped restoring UserSettings.conf.
[33m[NOTE](B[m - Skipped restoring WindowRules.conf.
[33m[NOTE](B[m - Skipped restoring RofiBeats.sh.
[33m[NOTE](B[m - Skipped restoring Weather.py.
[33m[NOTE](B[m - Skipped restoring Weather.sh.
[33m[NOTE](B[m - Skipped restoring hyprlock.conf.
[33m[NOTE](B[m - Skipped restoring hypridle.conf.
[32m[OK](B[m Some [35mwallpapers(B[m copied successfully!
[32m[OK](B[m nvim configuration downloaded successfully.
[32m[OK](B[m nvim configuration copied successfully.
[32m[OK](B[m Wallpapers downloaded successfully.
[32m[OK](B[m Wallpapers copied successfully.
[[1m[34mI[39m[0m] [1m[35mimage[39m[0m: .wallpaper_current
[[1m[34mI[39m[0m] [1m[35mimage parser[39m[0m: Using [94m[1mKmeans[0m[39m backend parser
[[1m[34mI[39m[0m] [1m[35mthreshold[39m[0m: Using a threshold of 11 in between colors.
[[1m[34mI[39m[0m] [1m[35mcolorspace[39m[0m: Using [32m[1mLabMixed[0m[39m colorspace variation
[[1m[34mI[39m[0m] [1m[35mscheme palette[39m[0m: Using [94m[1mDark16[0m[39m palette
[[1m[34mI[39m[0m] [1m[35mcache[39m[0m: Using cache [3m/home/mathipe/.cache/wallust/1.5_5_1_01_11_0_0_0_ykky1h.json[0m

[48;2;58;57;64m    [49m[48;2;5;11;38m    [49m[48;2;35;8;15m    [49m[48;2;53;7;1m    [49m[48;2;6;54;95m    [49m[48;2;90;64;34m    [49m[48;2;22;113;161m    [49m[48;2;134;194;227m    [49m
[48;2;93;136;159m    [49m[48;2;7;15;50m    [49m[48;2;47;11;19m    [49m[48;2;71;9;1m    [49m[48;2;8;72;127m    [49m[48;2;120;86;46m    [49m[48;2;29;150;215m    [49m[48;2;134;194;227m    [49m

[[1m[34mI[39m[0m] [1m[35mtemplates[39m[0m: Writing templates..
  * Templated [1mcava[0m to '[3m~/.config/cava/config[0m'
  * Templated [1mrofi[0m to '[3m~/.config/rofi/wallust/colors-rofi.rasi[0m'
  * Templated [1mkitty[0m to '[3m~/.config/kitty/kitty-colors.conf[0m'
  * Templated [1mhypr[0m to '[3m~/.config/hypr/wallust/wallust-hyprland.conf[0m'
  * Templated [1mwaybar[0m to '[3m~/.config/waybar/wallust/colors-waybar.css[0m'

[5m[1m[38;2;134;194;227mE [39m[0m[0m[5m[1m[38;2;29;150;215mN [39m[0m[0m[5m[1m[38;2;120;86;46mJ [39m[0m[0m[5m[1m[38;2;8;72;127mO [39m[0m[0m[5m[1m[38;2;71;9;1mY [39m[0m[0m[9m  [0m[5m[1m[38;2;47;11;19mT [39m[0m[0m[5m[1m[38;2;7;15;50mH [39m[0m[0m[5m[1m[38;2;93;136;159mE [39m[0m[0m[9m  [0m[5m[1m[38;2;134;194;227mP [39m[0m[0m[5m[1m[38;2;22;113;161mA [39m[0m[0m[5m[1m[38;2;90;64;34mL [39m[0m[0m[5m[1m[38;2;6;54;95mE [39m[0m[0m[5m[1m[38;2;53;7;1mT [39m[0m[0m[5m[1m[38;2;35;8;15mT [39m[0m[0m[5m[1m[38;2;5;11;38mE [39m[0m[0m[5m[1m[38;2;176;218;241m! [39m[0m[0m
